# JRE version: OpenJDK Runtime Environment (11.0.10) (build 11.0.10+0-b96-7249189)
# Java VM: OpenJDK 64-Bit Server VM (11.0.10+0-b96-7249189, mixed mode, tiered, compressed oops, g1 gc, windows-amd64)
Heap:
 garbage-first heap   total 442368K, used 242351K [0x0000000080000000, 0x0000000100000000)
  region size 1024K, 73 young (74752K), 1 survivors (1024K)
 Metaspace       used 153730K, capacity 158034K, committed 164864K, reserved 1191936K
  class space    used 18472K, capacity 20095K, committed 21504K, reserved 1048576K
GC Heap History (20 events):
Event: 10375.171 GC heap before
{Heap before GC invocations=198 (full 0):
 garbage-first heap   total 439296K, used 217136K [0x0000000080000000, 0x0000000100000000)
  region size 1024K, 21 young (21504K), 15 survivors (15360K)
 Metaspace       used 157788K, capacity 163140K, committed 164864K, reserved 1191936K
  class space    used 19088K, capacity 21004K, committed 21504K, reserved 1048576K
}
Event: 10375.245 GC heap after
{Heap after GC invocations=199 (full 0):
 garbage-first heap   total 439296K, used 194604K [0x0000000080000000, 0x0000000100000000)
  region size 1024K, 3 young (3072K), 3 survivors (3072K)
 Metaspace       used 157788K, capacity 163140K, committed 164864K, reserved 1191936K
  class space    used 19088K, capacity 21004K, committed 21504K, reserved 1048576K
}
Event: 10382.712 GC heap before
{Heap before GC invocations=199 (full 0):
 garbage-first heap   total 439296K, used 212012K [0x0000000080000000, 0x0000000100000000)
  region size 1024K, 21 young (21504K), 3 survivors (3072K)
 Metaspace       used 157799K, capacity 163149K, committed 164864K, reserved 1191936K
  class space    used 19089K, capacity 21006K, committed 21504K, reserved 1048576K
}
Event: 10382.787 GC heap after
{Heap after GC invocations=200 (full 0):
 garbage-first heap   total 439296K, used 187574K [0x0000000080000000, 0x0000000100000000)
  region size 1024K, 2 young (2048K), 2 survivors (2048K)
 Metaspace       used 157799K, capacity 163149K, committed 164864K, reserved 1191936K
  class space    used 19089K, capacity 21006K, committed 21504K, reserved 1048576K
}
Event: 10383.320 GC heap before
{Heap before GC invocations=200 (full 0):
 garbage-first heap   total 439296K, used 206006K [0x0000000080000000, 0x0000000100000000)
  region size 1024K, 21 young (21504K), 2 survivors (2048K)
 Metaspace       used 157800K, capacity 163149K, committed 164864K, reserved 1191936K
  class space    used 19089K, capacity 21006K, committed 21504K, reserved 1048576K
}
Event: 10383.348 GC heap after
{Heap after GC invocations=201 (full 0):
 garbage-first heap   total 439296K, used 187333K [0x0000000080000000, 0x0000000100000000)
  region size 1024K, 2 young (2048K), 2 survivors (2048K)
 Metaspace       used 157800K, capacity 163149K, committed 164864K, reserved 1191936K
  class space    used 19089K, capacity 21006K, committed 21504K, reserved 1048576K
}
Event: 10383.643 GC heap before
{Heap before GC invocations=201 (full 0):
 garbage-first heap   total 439296K, used 210885K [0x0000000080000000, 0x0000000100000000)
  region size 1024K, 26 young (26624K), 2 survivors (2048K)
 Metaspace       used 157802K, capacity 163149K, committed 164864K, reserved 1191936K
  class space    used 19089K, capacity 21006K, committed 21504K, reserved 1048576K
}
Event: 10383.653 GC heap after
{Heap after GC invocations=202 (full 0):
 garbage-first heap   total 439296K, used 188592K [0x0000000080000000, 0x0000000100000000)
  region size 1024K, 4 young (4096K), 4 survivors (4096K)
 Metaspace       used 157802K, capacity 163149K, committed 164864K, reserved 1191936K
  class space    used 19089K, capacity 21006K, committed 21504K, reserved 1048576K
}
Event: 10385.764 GC heap before
{Heap before GC invocations=203 (full 0):
 garbage-first heap   total 439296K, used 293040K [0x0000000080000000, 0x0000000100000000)
  region size 1024K, 112 young (114688K), 4 survivors (4096K)
 Metaspace       used 157884K, capacity 163204K, committed 164864K, reserved 1191936K
  class space    used 19095K, capacity 21015K, committed 21504K, reserved 1048576K
}
Event: 10385.804 GC heap after
{Heap after GC invocations=204 (full 0):
 garbage-first heap   total 439296K, used 194278K [0x0000000080000000, 0x0000000100000000)
  region size 1024K, 14 young (14336K), 14 survivors (14336K)
 Metaspace       used 157884K, capacity 163204K, committed 164864K, reserved 1191936K
  class space    used 19095K, capacity 21015K, committed 21504K, reserved 1048576K
}
Event: 10385.867 GC heap before
{Heap before GC invocations=204 (full 0):
 garbage-first heap   total 439296K, used 200422K [0x0000000080000000, 0x0000000100000000)
  region size 1024K, 21 young (21504K), 14 survivors (14336K)
 Metaspace       used 157889K, capacity 163205K, committed 164864K, reserved 1191936K
  class space    used 19095K, capacity 21015K, committed 21504K, reserved 1048576K
}
Event: 10385.914 GC heap after
{Heap after GC invocations=205 (full 0):
 garbage-first heap   total 439296K, used 185344K [0x0000000080000000, 0x0000000100000000)
  region size 1024K, 3 young (3072K), 3 survivors (3072K)
 Metaspace       used 157889K, capacity 163205K, committed 164864K, reserved 1191936K
  class space    used 19095K, capacity 21015K, committed 21504K, reserved 1048576K
}
Event: 10386.092 GC heap before
{Heap before GC invocations=205 (full 0):
 garbage-first heap   total 439296K, used 211968K [0x0000000080000000, 0x0000000100000000)
  region size 1024K, 31 young (31744K), 3 survivors (3072K)
 Metaspace       used 157903K, capacity 163206K, committed 164864K, reserved 1191936K
  class space    used 19095K, capacity 21015K, committed 21504K, reserved 1048576K
}
Event: 10386.102 GC heap after
{Heap after GC invocations=206 (full 0):
 garbage-first heap   total 439296K, used 185481K [0x0000000080000000, 0x0000000100000000)
  region size 1024K, 3 young (3072K), 3 survivors (3072K)
 Metaspace       used 157903K, capacity 163206K, committed 164864K, reserved 1191936K
  class space    used 19095K, capacity 21015K, committed 21504K, reserved 1048576K
}
Event: 12324.525 GC heap before
{Heap before GC invocations=207 (full 0):
 garbage-first heap   total 439296K, used 437385K [0x0000000080000000, 0x0000000100000000)
  region size 1024K, 85 young (87040K), 3 survivors (3072K)
 Metaspace       used 157737K, capacity 163144K, committed 164864K, reserved 1191936K
  class space    used 19082K, capacity 20993K, committed 21504K, reserved 1048576K
}
Event: 12324.904 GC heap after
{Heap after GC invocations=208 (full 0):
 garbage-first heap   total 442368K, used 183801K [0x0000000080000000, 0x0000000100000000)
  region size 1024K, 3 young (3072K), 3 survivors (3072K)
 Metaspace       used 157737K, capacity 163144K, committed 164864K, reserved 1191936K
  class space    used 19082K, capacity 20993K, committed 21504K, reserved 1048576K
}
Event: 13322.640 GC heap before
{Heap before GC invocations=208 (full 0):
 garbage-first heap   total 442368K, used 202233K [0x0000000080000000, 0x0000000100000000)
  region size 1024K, 21 young (21504K), 3 survivors (3072K)
 Metaspace       used 157746K, capacity 163144K, committed 164864K, reserved 1191936K
  class space    used 19082K, capacity 20993K, committed 21504K, reserved 1048576K
}
Event: 13323.030 GC heap after
{Heap after GC invocations=209 (full 0):
 garbage-first heap   total 442368K, used 171905K [0x0000000080000000, 0x0000000100000000)
  region size 1024K, 1 young (1024K), 1 survivors (1024K)
 Metaspace       used 157746K, capacity 163144K, committed 164864K, reserved 1191936K
  class space    used 19082K, capacity 20993K, committed 21504K, reserved 1048576K
}
Event: 15607.564 GC heap before
{Heap before GC invocations=209 (full 0):
 garbage-first heap   total 442368K, used 212865K [0x0000000080000000, 0x0000000100000000)
  region size 1024K, 41 young (41984K), 1 survivors (1024K)
 Metaspace       used 157746K, capacity 163144K, committed 164864K, reserved 1191936K
  class space    used 19082K, capacity 20993K, committed 21504K, reserved 1048576K
}
Event: 15607.648 GC heap after
{Heap after GC invocations=210 (full 0):
 garbage-first heap   total 442368K, used 171695K [0x0000000080000000, 0x0000000100000000)
  region size 1024K, 1 young (1024K), 1 survivors (1024K)
 Metaspace       used 157746K, capacity 163144K, committed 164864K, reserved 1191936K
  class space    used 19082K, capacity 20993K, committed 21504K, reserved 1048576K
}

